<?xml version="1.0" encoding="utf-8"?><testsuites name="pytest tests"><testsuite name="pytest" errors="0" failures="3" skipped="0" tests="14" time="13.945" timestamp="2026-09-16T17:37:09.864514+00:00" hostname="agent-env-1bea870a-bf99-48c7-89be-96d0c418eec9"><testcase classname="tests.test_analyze_bugfix.TestAnalyzeNegatives" name="test_blank" time="0.463" /><testcase classname="tests.test_analyze_bugfix.TestAnalyzePositiveJPEG" name="test_real_bottle_jpeg[1]" time="1.933"><failure message="AssertionError: iter 1: ok=false payload={'ok': False, 'reason': 'unsupported', 'provider': 'openai:gpt-5.4', 'scan': {'id': 'scan_05642cbc96ee', 'user_id': 'user_c6f26525a1e0', 'image_url': '/api/files/waste2earn/uploads/user_c6f26525a1e0/0f652c861bf24bca8c385c28c9ef655b.jpg', 'storage_path': 'waste2earn/uploads/user_c6f26525a1e0/0f652c861bf24bca8c385c28c9ef655b.jpg', 'items': [{'name': 'Unknown', 'category': 'Unknown', 'quantity': 1, 'estimated_weight_kg': 0, 'rate_per_kg': 0, 'value_inr': 0}], 'total_weight_kg': 0, 'total_value_inr': 0, 'confidence': 0.99, 'status': 'unsupported', 'created_at': '2026-09-16T17:37:12.032168+00:00'}, 'message': 'This waste type is currently not supported for recycling in Waste2Earn. Please upload a supported recyclable item.'}&#10;assert False is True&#10; +  where False = &lt;built-in method get of dict object at 0xf836fdd82dc0&gt;('ok')&#10; +    where &lt;built-in method get of dict object at 0xf836fdd82dc0&gt; = {'ok': False, 'reason': 'unsupported', 'provider': 'openai:gpt-5.4', 'scan': {'id': 'scan_05642cbc96ee', 'user_id': 'user_c6f26525a1e0', 'image_url': '/api/files/waste2earn/uploads/user_c6f26525a1e0/0f652c861bf24bca8c385c28c9ef655b.jpg', 'storage_path': 'waste2earn/uploads/user_c6f26525a1e0/0f652c861bf24bca8c385c28c9ef655b.jpg', ...}, ...}.get">E   AssertionError: iter 1: ok=false payload={'ok': False, 'reason': 'unsupported', 'provider': 'openai:gpt-5.4', 'scan': {'id': 'scan_05642cbc96ee', 'user_id': 'user_c6f26525a1e0', 'image_url': '/api/files/waste2earn/uploads/user_c6f26525a1e0/0f652c861bf24bca8c385c28c9ef655b.jpg', 'storage_path': 'waste2earn/uploads/user_c6f26525a1e0/0f652c861bf24bca8c385c28c9ef655b.jpg', 'items': [{'name': 'Unknown', 'category': 'Unknown', 'quantity': 1, 'estimated_weight_kg': 0, 'rate_per_kg': 0, 'value_inr': 0}], 'total_weight_kg': 0, 'total_value_inr': 0, 'confidence': 0.99, 'status': 'unsupported', 'created_at': '2026-09-16T17:37:12.032168+00:00'}, 'message': 'This waste type is currently not supported for recycling in Waste2Earn. Please upload a supported recyclable item.'}
    assert False is True
     +  where False = &lt;built-in method get of dict object at 0xf836fdd82dc0&gt;('ok')
     +    where &lt;built-in method get of dict object at 0xf836fdd82dc0&gt; = {'ok': False, 'reason': 'unsupported', 'provider': 'openai:gpt-5.4', 'scan': {'id': 'scan_05642cbc96ee', 'user_id': 'user_c6f26525a1e0', 'image_url': '/api/files/waste2earn/uploads/user_c6f26525a1e0/0f652c861bf24bca8c385c28c9ef655b.jpg', 'storage_path': 'waste2earn/uploads/user_c6f26525a1e0/0f652c861bf24bca8c385c28c9ef655b.jpg', ...}, ...}.get</failure></testcase><testcase classname="tests.test_analyze_bugfix.TestAnalyzeNegatives" name="test_unsupported" time="0.424" /><testcase classname="tests.test_analyze_bugfix.TestAnalyzeNegatives" name="test_invalid_extension_gif" time="0.190" /><testcase classname="tests.test_analyze_bugfix.TestAnalyzeNegatives" name="test_invalid_extension_pdf" time="0.308" /><testcase classname="tests.test_analyze_bugfix.TestAnalyzeCameraLike" name="test_camera_generic_name_large" time="2.768" /><testcase classname="tests.test_analyze_bugfix.TestAnalyzePositiveJPEG" name="test_real_bottle_jpeg[2]" time="2.309"><failure message="AssertionError: iter 2: ok=false payload={'ok': False, 'reason': 'unsupported', 'provider': 'openai:gpt-5.4', 'scan': {'id': 'scan_0adbadbe22d1', 'user_id': 'user_c6f26525a1e0', 'image_url': '/api/files/waste2earn/uploads/user_c6f26525a1e0/2d42d799a723453e925f4ff3c34f73aa.jpg', 'storage_path': 'waste2earn/uploads/user_c6f26525a1e0/2d42d799a723453e925f4ff3c34f73aa.jpg', 'items': [{'name': 'Unknown', 'category': 'Unknown', 'quantity': 1, 'estimated_weight_kg': 0, 'rate_per_kg': 0, 'value_inr': 0}], 'total_weight_kg': 0, 'total_value_inr': 0, 'confidence': 0.99, 'status': 'unsupported', 'created_at': '2026-09-16T17:37:14.345021+00:00'}, 'message': 'This waste type is currently not supported for recycling in Waste2Earn. Please upload a supported recyclable item.'}&#10;assert False is True&#10; +  where False = &lt;built-in method get of dict object at 0xf836fe13bc40&gt;('ok')&#10; +    where &lt;built-in method get of dict object at 0xf836fe13bc40&gt; = {'ok': False, 'reason': 'unsupported', 'provider': 'openai:gpt-5.4', 'scan': {'id': 'scan_0adbadbe22d1', 'user_id': 'user_c6f26525a1e0', 'image_url': '/api/files/waste2earn/uploads/user_c6f26525a1e0/2d42d799a723453e925f4ff3c34f73aa.jpg', 'storage_path': 'waste2earn/uploads/user_c6f26525a1e0/2d42d799a723453e925f4ff3c34f73aa.jpg', ...}, ...}.get">E   AssertionError: iter 2: ok=false payload={'ok': False, 'reason': 'unsupported', 'provider': 'openai:gpt-5.4', 'scan': {'id': 'scan_0adbadbe22d1', 'user_id': 'user_c6f26525a1e0', 'image_url': '/api/files/waste2earn/uploads/user_c6f26525a1e0/2d42d799a723453e925f4ff3c34f73aa.jpg', 'storage_path': 'waste2earn/uploads/user_c6f26525a1e0/2d42d799a723453e925f4ff3c34f73aa.jpg', 'items': [{'name': 'Unknown', 'category': 'Unknown', 'quantity': 1, 'estimated_weight_kg': 0, 'rate_per_kg': 0, 'value_inr': 0}], 'total_weight_kg': 0, 'total_value_inr': 0, 'confidence': 0.99, 'status': 'unsupported', 'created_at': '2026-09-16T17:37:14.345021+00:00'}, 'message': 'This waste type is currently not supported for recycling in Waste2Earn. Please upload a supported recyclable item.'}
    assert False is True
     +  where False = &lt;built-in method get of dict object at 0xf836fe13bc40&gt;('ok')
     +    where &lt;built-in method get of dict object at 0xf836fe13bc40&gt; = {'ok': False, 'reason': 'unsupported', 'provider': 'openai:gpt-5.4', 'scan': {'id': 'scan_0adbadbe22d1', 'user_id': 'user_c6f26525a1e0', 'image_url': '/api/files/waste2earn/uploads/user_c6f26525a1e0/2d42d799a723453e925f4ff3c34f73aa.jpg', 'storage_path': 'waste2earn/uploads/user_c6f26525a1e0/2d42d799a723453e925f4ff3c34f73aa.jpg', ...}, ...}.get</failure></testcase><testcase classname="tests.test_analyze_bugfix.TestAnalyzeCameraLike" name="test_camera_generic_name_huge" time="2.939" /><testcase classname="tests.test_analyze_bugfix.TestAnalyzePositiveJPEG" name="test_real_bottle_jpeg[3]" time="1.604"><failure message="AssertionError: iter 3: ok=false payload={'ok': False, 'reason': 'unsupported', 'provider': 'openai:gpt-5.4', 'scan': {'id': 'scan_dde94135a8b2', 'user_id': 'user_c6f26525a1e0', 'image_url': '/api/files/waste2earn/uploads/user_c6f26525a1e0/e579e74baca746ec9d970bf33bc846ed.jpg', 'storage_path': 'waste2earn/uploads/user_c6f26525a1e0/e579e74baca746ec9d970bf33bc846ed.jpg', 'items': [{'name': 'Unknown', 'category': 'Unknown', 'quantity': 1, 'estimated_weight_kg': 0, 'rate_per_kg': 0, 'value_inr': 0}], 'total_weight_kg': 0, 'total_value_inr': 0, 'confidence': 0.99, 'status': 'unsupported', 'created_at': '2026-09-16T17:37:15.935798+00:00'}, 'message': 'This waste type is currently not supported for recycling in Waste2Earn. Please upload a supported recyclable item.'}&#10;assert False is True&#10; +  where False = &lt;built-in method get of dict object at 0xf836fdd89440&gt;('ok')&#10; +    where &lt;built-in method get of dict object at 0xf836fdd89440&gt; = {'ok': False, 'reason': 'unsupported', 'provider': 'openai:gpt-5.4', 'scan': {'id': 'scan_dde94135a8b2', 'user_id': 'user_c6f26525a1e0', 'image_url': '/api/files/waste2earn/uploads/user_c6f26525a1e0/e579e74baca746ec9d970bf33bc846ed.jpg', 'storage_path': 'waste2earn/uploads/user_c6f26525a1e0/e579e74baca746ec9d970bf33bc846ed.jpg', ...}, ...}.get">E   AssertionError: iter 3: ok=false payload={'ok': False, 'reason': 'unsupported', 'provider': 'openai:gpt-5.4', 'scan': {'id': 'scan_dde94135a8b2', 'user_id': 'user_c6f26525a1e0', 'image_url': '/api/files/waste2earn/uploads/user_c6f26525a1e0/e579e74baca746ec9d970bf33bc846ed.jpg', 'storage_path': 'waste2earn/uploads/user_c6f26525a1e0/e579e74baca746ec9d970bf33bc846ed.jpg', 'items': [{'name': 'Unknown', 'category': 'Unknown', 'quantity': 1, 'estimated_weight_kg': 0, 'rate_per_kg': 0, 'value_inr': 0}], 'total_weight_kg': 0, 'total_value_inr': 0, 'confidence': 0.99, 'status': 'unsupported', 'created_at': '2026-09-16T17:37:15.935798+00:00'}, 'message': 'This waste type is currently not supported for recycling in Waste2Earn. Please upload a supported recyclable item.'}
    assert False is True
     +  where False = &lt;built-in method get of dict object at 0xf836fdd89440&gt;('ok')
     +    where &lt;built-in method get of dict object at 0xf836fdd89440&gt; = {'ok': False, 'reason': 'unsupported', 'provider': 'openai:gpt-5.4', 'scan': {'id': 'scan_dde94135a8b2', 'user_id': 'user_c6f26525a1e0', 'image_url': '/api/files/waste2earn/uploads/user_c6f26525a1e0/e579e74baca746ec9d970bf33bc846ed.jpg', 'storage_path': 'waste2earn/uploads/user_c6f26525a1e0/e579e74baca746ec9d970bf33bc846ed.jpg', ...}, ...}.get</failure></testcase><testcase classname="tests.test_analyze_bugfix.TestAnalyzeLargeImage" name="test_large_cardboard_jpeg" time="2.073" /><testcase classname="tests.test_analyze_bugfix.TestAnalyzeCameraLike" name="test_camera_octet_stream_rejected" time="0.401" /><testcase classname="tests.test_analyze_bugfix.TestAnalyzePositivePNG" name="test_real_bottle_png" time="2.316" /><testcase classname="tests.test_analyze_bugfix.TestAnalyzeLargeImage" name="test_medium_can_jpeg" time="1.717" /><testcase classname="tests.test_analyze_bugfix.TestProviderFallback" name="test_quota_forces_gemini_fallback" time="3.978" /></testsuite></testsuites>