<?xml version="1.0" encoding="utf-8"?><testsuites name="pytest tests"><testsuite name="pytest" errors="0" failures="0" skipped="0" tests="20" time="4.800" timestamp="2026-09-14T16:37:46.488250+00:00" hostname="agent-env-1bea870a-bf99-48c7-89be-96d0c418eec9"><testcase classname="tests.test_waste2earn_api.TestE2E" name="test_a_positive_scan" time="2.218" /><testcase classname="tests.test_waste2earn_api.TestScanNegative" name="test_blank" time="0.427" /><testcase classname="tests.test_waste2earn_api.TestScanNegative" name="test_unsupported" time="0.391" /><testcase classname="tests.test_waste2earn_api.TestScanNegative" name="test_invalid_file_type" time="0.172" /><testcase classname="tests.test_waste2earn_api.TestScanNegative" name="test_llm_failover_quota" time="2.341" /><testcase classname="tests.test_waste2earn_api.TestE2E" name="test_b_wallet_before" time="0.151" /><testcase classname="tests.test_waste2earn_api.TestE2E" name="test_c_add_reward_pending" time="0.303" /><testcase classname="tests.test_waste2earn_api.TestE2E" name="test_d_recyclers_nearby" time="0.153" /><testcase classname="tests.test_waste2earn_api.TestE2E" name="test_e_create_pickup" time="0.276" /><testcase classname="tests.test_waste2earn_api.TestE2E" name="test_f_pickup_qr" time="0.179" /><testcase classname="tests.test_waste2earn_api.TestE2E" name="test_g_verify_mismatch" time="0.317" /><testcase classname="tests.test_waste2earn_api.TestAuth" name="test_dev_login" time="0.000" /><testcase classname="tests.test_waste2earn_api.TestAuth" name="test_me" time="0.165" /><testcase classname="tests.test_waste2earn_api.TestAuth" name="test_unauth_dashboard" time="0.154" /><testcase classname="tests.test_waste2earn_api.TestE2E" name="test_h_verify_success" time="0.484" /><testcase classname="tests.test_waste2earn_api.TestMisc" name="test_activity" time="0.172" /><testcase classname="tests.test_waste2earn_api.TestMisc" name="test_notifications" time="0.498" /><testcase classname="tests.test_waste2earn_api.TestE2E" name="test_i_duplicate_verify" time="0.143" /><testcase classname="tests.test_waste2earn_api.TestDashboard" name="test_dashboard" time="0.179" /><testcase classname="tests.test_waste2earn_api.TestMisc" name="test_recycler_demo" time="0.152" /></testsuite></testsuites>